# JRE version: Java(TM) SE Runtime Environment (8.0_131-b11) (build 1.8.0_131-b11)
# Java VM: Java HotSpot(TM) 64-Bit Server VM (25.131-b11 mixed mode windows-amd64 compressed oops)
Heap:
 PSYoungGen      total 307200K, used 214561K [0x000000076b600000, 0x0000000781b00000, 0x00000007c0000000)
  eden space 294912K, 68% used [0x000000076b600000,0x0000000777b895a8,0x000000077d600000)
  from space 12288K, 99% used [0x0000000780f00000,0x0000000781afef40,0x0000000781b00000)
  to   space 14848K, 0% used [0x000000077fe00000,0x000000077fe00000,0x0000000780c80000)
 ParOldGen       total 153088K, used 19360K [0x00000006c2200000, 0x00000006cb780000, 0x000000076b600000)
  object space 153088K, 12% used [0x00000006c2200000,0x00000006c34e8140,0x00000006cb780000)
 Metaspace       used 48161K, capacity 51052K, committed 51328K, reserved 1093632K
  class space    used 6449K, capacity 6966K, committed 7040K, reserved 1048576K
GC Heap History (10 events):
Event: 6.416 GC heap before
{Heap before GC invocations=6 (full 1):
 PSYoungGen      total 140800K, used 130048K [0x000000076b600000, 0x0000000774a00000, 0x00000007c0000000)
  eden space 130048K, 100% used [0x000000076b600000,0x0000000773500000,0x0000000773500000)
  from space 10752K, 0% used [0x0000000773f80000,0x0000000773f80000,0x0000000774a00000)
  to   space 10752K, 0% used [0x0000000773500000,0x0000000773500000,0x0000000773f80000)
 ParOldGen       total 94208K, used 6800K [0x00000006c2200000, 0x00000006c7e00000, 0x000000076b600000)
  object space 94208K, 7% used [0x00000006c2200000,0x00000006c28a40a0,0x00000006c7e00000)
 Metaspace       used 25976K, capacity 26922K, committed 27008K, reserved 1073152K
  class space    used 3485K, capacity 3691K, committed 3712K, reserved 1048576K
Event: 6.427 GC heap after
Heap after GC invocations=6 (full 1):
 PSYoungGen      total 140800K, used 8963K [0x000000076b600000, 0x0000000779800000, 0x00000007c0000000)
  eden space 130048K, 0% used [0x000000076b600000,0x000000076b600000,0x0000000773500000)
  from space 10752K, 83% used [0x0000000773500000,0x0000000773dc0c70,0x0000000773f80000)
  to   space 9728K, 0% used [0x0000000778e80000,0x0000000778e80000,0x0000000779800000)
 ParOldGen       total 94208K, used 6872K [0x00000006c2200000, 0x00000006c7e00000, 0x000000076b600000)
  object space 94208K, 7% used [0x00000006c2200000,0x00000006c28b60b0,0x00000006c7e00000)
 Metaspace       used 25976K, capacity 26922K, committed 27008K, reserved 1073152K
  class space    used 3485K, capacity 3691K, committed 3712K, reserved 1048576K
}
Event: 7.212 GC heap before
{Heap before GC invocations=7 (full 1):
 PSYoungGen      total 140800K, used 139011K [0x000000076b600000, 0x0000000779800000, 0x00000007c0000000)
  eden space 130048K, 100% used [0x000000076b600000,0x0000000773500000,0x0000000773500000)
  from space 10752K, 83% used [0x0000000773500000,0x0000000773dc0c70,0x0000000773f80000)
  to   space 9728K, 0% used [0x0000000778e80000,0x0000000778e80000,0x0000000779800000)
 ParOldGen       total 94208K, used 6872K [0x00000006c2200000, 0x00000006c7e00000, 0x000000076b600000)
  object space 94208K, 7% used [0x00000006c2200000,0x00000006c28b60b0,0x00000006c7e00000)
 Metaspace       used 29549K, capacity 30774K, committed 30976K, reserved 1075200K
  class space    used 3976K, capacity 4267K, committed 4352K, reserved 1048576K
Event: 7.223 GC heap after
Heap after GC invocations=7 (full 1):
 PSYoungGen      total 220160K, used 9699K [0x000000076b600000, 0x0000000779a80000, 0x00000007c0000000)
  eden space 210432K, 0% used [0x000000076b600000,0x000000076b600000,0x0000000778380000)
  from space 9728K, 99% used [0x0000000778e80000,0x00000007797f8d88,0x0000000779800000)
  to   space 11264K, 0% used [0x0000000778380000,0x0000000778380000,0x0000000778e80000)
 ParOldGen       total 94208K, used 7351K [0x00000006c2200000, 0x00000006c7e00000, 0x000000076b600000)
  object space 94208K, 7% used [0x00000006c2200000,0x00000006c292dd88,0x00000006c7e00000)
 Metaspace       used 29549K, capacity 30774K, committed 30976K, reserved 1075200K
  class space    used 3976K, capacity 4267K, committed 4352K, reserved 1048576K
}
Event: 8.169 GC heap before
{Heap before GC invocations=8 (full 1):
 PSYoungGen      total 220160K, used 128822K [0x000000076b600000, 0x0000000779a80000, 0x00000007c0000000)
  eden space 210432K, 56% used [0x000000076b600000,0x0000000772a54bc0,0x0000000778380000)
  from space 9728K, 99% used [0x0000000778e80000,0x00000007797f8d88,0x0000000779800000)
  to   space 11264K, 0% used [0x0000000778380000,0x0000000778380000,0x0000000778e80000)
 ParOldGen       total 94208K, used 7351K [0x00000006c2200000, 0x00000006c7e00000, 0x000000076b600000)
  object space 94208K, 7% used [0x00000006c2200000,0x00000006c292dd88,0x00000006c7e00000)
 Metaspace       used 33790K, capacity 35464K, committed 35496K, reserved 1079296K
  class space    used 4517K, capacity 4850K, committed 4864K, reserved 1048576K
Event: 8.182 GC heap after
Heap after GC invocations=8 (full 1):
 PSYoungGen      total 221696K, used 11246K [0x000000076b600000, 0x0000000781b00000, 0x00000007c0000000)
  eden space 210432K, 0% used [0x000000076b600000,0x000000076b600000,0x0000000778380000)
  from space 11264K, 99% used [0x0000000778380000,0x0000000778e7b940,0x0000000778e80000)
  to   space 12288K, 0% used [0x0000000780f00000,0x0000000780f00000,0x0000000781b00000)
 ParOldGen       total 94208K, used 7539K [0x00000006c2200000, 0x00000006c7e00000, 0x000000076b600000)
  object space 94208K, 8% used [0x00000006c2200000,0x00000006c295ce60,0x00000006c7e00000)
 Metaspace       used 33790K, capacity 35464K, committed 35496K, reserved 1079296K
  class space    used 4517K, capacity 4850K, committed 4864K, reserved 1048576K
}
Event: 8.183 GC heap before
{Heap before GC invocations=9 (full 2):
 PSYoungGen      total 221696K, used 11246K [0x000000076b600000, 0x0000000781b00000, 0x00000007c0000000)
  eden space 210432K, 0% used [0x000000076b600000,0x000000076b600000,0x0000000778380000)
  from space 11264K, 99% used [0x0000000778380000,0x0000000778e7b940,0x0000000778e80000)
  to   space 12288K, 0% used [0x0000000780f00000,0x0000000780f00000,0x0000000781b00000)
 ParOldGen       total 94208K, used 7539K [0x00000006c2200000, 0x00000006c7e00000, 0x000000076b600000)
  object space 94208K, 8% used [0x00000006c2200000,0x00000006c295ce60,0x00000006c7e00000)
 Metaspace       used 33790K, capacity 35464K, committed 35496K, reserved 1079296K
  class space    used 4517K, capacity 4850K, committed 4864K, reserved 1048576K
Event: 8.276 GC heap after
Heap after GC invocations=9 (full 2):
 PSYoungGen      total 221696K, used 0K [0x000000076b600000, 0x0000000781b00000, 0x00000007c0000000)
  eden space 210432K, 0% used [0x000000076b600000,0x000000076b600000,0x0000000778380000)
  from space 11264K, 0% used [0x0000000778380000,0x0000000778380000,0x0000000778e80000)
  to   space 12288K, 0% used [0x0000000780f00000,0x0000000780f00000,0x0000000781b00000)
 ParOldGen       total 153088K, used 16206K [0x00000006c2200000, 0x00000006cb780000, 0x000000076b600000)
  object space 153088K, 10% used [0x00000006c2200000,0x00000006c31d3868,0x00000006cb780000)
 Metaspace       used 33790K, capacity 35464K, committed 35496K, reserved 1079296K
  class space    used 4517K, capacity 4850K, committed 4864K, reserved 1048576K
}
Event: 11.369 GC heap before
{Heap before GC invocations=10 (full 2):
 PSYoungGen      total 221696K, used 210432K [0x000000076b600000, 0x0000000781b00000, 0x00000007c0000000)
  eden space 210432K, 100% used [0x000000076b600000,0x0000000778380000,0x0000000778380000)
  from space 11264K, 0% used [0x0000000778380000,0x0000000778380000,0x0000000778e80000)
  to   space 12288K, 0% used [0x0000000780f00000,0x0000000780f00000,0x0000000781b00000)
 ParOldGen       total 153088K, used 16206K [0x00000006c2200000, 0x00000006cb780000, 0x000000076b600000)
  object space 153088K, 10% used [0x00000006c2200000,0x00000006c31d3868,0x00000006cb780000)
 Metaspace       used 43114K, capacity 45556K, committed 45696K, reserved 1089536K
  class space    used 5779K, capacity 6203K, committed 6272K, reserved 1048576K
Event: 11.388 GC heap after
Heap after GC invocations=10 (full 2):
 PSYoungGen      total 307200K, used 12283K [0x000000076b600000, 0x0000000781b00000, 0x00000007c0000000)
  eden space 294912K, 0% used [0x000000076b600000,0x000000076b600000,0x000000077d600000)
  from space 12288K, 99% used [0x0000000780f00000,0x0000000781afef40,0x0000000781b00000)
  to   space 14848K, 0% used [0x000000077fe00000,0x000000077fe00000,0x0000000780c80000)
 ParOldGen       total 153088K, used 19360K [0x00000006c2200000, 0x00000006cb780000, 0x000000076b600000)
  object space 153088K, 12% used [0x00000006c2200000,0x00000006c34e8140,0x00000006cb780000)
 Metaspace       used 43114K, capacity 45556K, committed 45696K, reserved 1089536K
  class space    used 5779K, capacity 6203K, committed 6272K, reserved 1048576K
}

